<?xml version="1.0" encoding="UTF-8"?>
<!-- Generated by org.testng.reporters.JUnitReportReporter -->
<testsuite skipped="0" hostname="Sreevatsas-MacBook-Air.local" name="com.eConstat.tests.Scenario6" tests="1" failures="0" timestamp="24 Oct 2017 13:40:32 GMT" time="28.208" errors="0">
  <testcase name="scenario6" time="28.208" classname="com.eConstat.tests.Scenario6"/>
</testsuite> <!-- com.eConstat.tests.Scenario6 -->
