<?xml version="1.0" encoding="UTF-8"?>
<!-- Generated by org.testng.reporters.JUnitReportReporter -->
<testsuite skipped="0" hostname="nb-sreevatsa-8" name="com.IHG.tests.Scenario6" tests="1" failures="0" timestamp="03 Nov 2017 08:38:03 GMT" time="18.839" errors="0">
  <testcase name="scenario6" time="18.839" classname="com.IHG.tests.Scenario6"/>
</testsuite> <!-- com.IHG.tests.Scenario6 -->
